Using pre-set license
Built from '2020.3/release' branch; Version is '2020.3.7f1 (dd97f2c94397) revision 14522354'; Using compiler version '192528614'; Build Type 'Release'
OS: 'Windows 10 Pro; OS build 19042.1415; Version 2009; 64bit' Language: 'ru' Physical Memory: 16252 MB
BatchMode: 1, IsHumanControllingUs: 0, StartBugReporterOnCrash: 0, Is64bit: 1, IsPro: 0

 COMMAND LINE ARGUMENTS:
C:\Program Files\Unity\Hub\Editor\2020.3.7f1\Editor\Unity.exe
-adb2
-batchMode
-noUpm
-name
AssetImportWorker0
-projectPath
C:/Users/user/Desktop/PhotonTestMat/UDEMYGameTutorial
-logFile
Logs/AssetImportWorker0.log
-srvPort
54041
Successfully changed project path to: C:/Users/user/Desktop/PhotonTestMat/UDEMYGameTutorial
C:/Users/user/Desktop/PhotonTestMat/UDEMYGameTutorial
Using Asset Import Pipeline V2.
Default GameObject Tag: point already registered

Default GameObject Tag: boss already registered

Default GameObject BitMask: boss already registered

Refreshing native plugins compatible for Editor in 41.44 ms, found 0 plugins.
Preloading 0 native plugins for Editor in 0.00 ms.
Initialize engine version: 2020.3.7f1 (dd97f2c94397)
[Subsystems] Discovering subsystems at path C:/Program Files/Unity/Hub/Editor/2020.3.7f1/Editor/Data/Resources/UnitySubsystems
[Subsystems] Discovering subsystems at path C:/Users/user/Desktop/PhotonTestMat/UDEMYGameTutorial/Assets
GfxDevice: creating device client; threaded=0
Direct3D:
    Version:  Direct3D 11.0 [level 11.1]
    Renderer: NVIDIA GeForce GTX 1650 (ID=0x1f99)
    Vendor:   
    VRAM:     3962 MB
    Driver:   27.21.14.6611
Initialize mono
Mono path[0] = 'C:/Program Files/Unity/Hub/Editor/2020.3.7f1/Editor/Data/Managed'
Mono path[1] = 'C:/Program Files/Unity/Hub/Editor/2020.3.7f1/Editor/Data/MonoBleedingEdge/lib/mono/unityjit'
Mono config path = 'C:/Program Files/Unity/Hub/Editor/2020.3.7f1/Editor/Data/MonoBleedingEdge/etc'
Using monoOptions --debugger-agent=transport=dt_socket,embedding=1,server=y,suspend=n,address=127.0.0.1:56052
Begin MonoManager ReloadAssembly
Registering precompiled unity dll's ...
Register platform support module: C:/Program Files/Unity/Hub/Editor/2020.3.7f1/Editor/Data/PlaybackEngines/WindowsStandaloneSupport/UnityEditor.WindowsStandalone.Extensions.dll
Registered in 0.001414 seconds.
Native extension for WindowsStandalone target not found
Refreshing native plugins compatible for Editor in 34.15 ms, found 0 plugins.
Preloading 0 native plugins for Editor in 0.00 ms.
Mono: successfully reloaded assembly
- Completed reload, in  1.718 seconds
Platform modules already initialized, skipping
Registering precompiled user dll's ...
Registered in 0.001593 seconds.
Begin MonoManager ReloadAssembly
Native extension for WindowsStandalone target not found
Refreshing native plugins compatible for Editor in 0.50 ms, found 0 plugins.
Preloading 0 native plugins for Editor in 0.00 ms.
Mono: successfully reloaded assembly
- Completed reload, in  0.816 seconds
Platform modules already initialized, skipping
========================================================================
Worker process is ready to serve import requests
Default GameObject Tag: point already registered

Default GameObject Tag: boss already registered

Default GameObject BitMask: boss already registered

Launched and connected shader compiler UnityShaderCompiler.exe after 0.03 seconds
Refreshing native plugins compatible for Editor in 0.49 ms, found 0 plugins.
Preloading 0 native plugins for Editor in 0.00 ms.
Unloading 1778 Unused Serialized files (Serialized files now loaded: 0)
System memory in use before: 80.0 MB.
System memory in use after: 80.0 MB.

Unloading 49 unused Assets to reduce memory usage. Loaded Objects now: 2192.
Total: 4.701900 ms (FindLiveObjects: 0.220900 ms CreateObjectMapping: 0.079400 ms MarkObjects: 4.335000 ms  DeleteObjects: 0.065600 ms)

========================================================================
Received Import Request.
  path: Assets/Scenes/About.unity
  artifactKey: Guid(f16c480a6bc27d042a07d42865b5955a) Importer(815301076,1909f56bfc062723c751e8b465ee728b)
Start importing Assets/Scenes/About.unity using Guid(f16c480a6bc27d042a07d42865b5955a) Importer(815301076,1909f56bfc062723c751e8b465ee728b)  -> (artifact id: '042937b2a70f40e7074fc3529391865b') in 0.014454 seconds
  Import took 0.016874 seconds .

========================================================================
Received Prepare
Default GameObject Tag: point already registered

Default GameObject Tag: boss already registered

Default GameObject BitMask: boss already registered

Refreshing native plugins compatible for Editor in 11.48 ms, found 0 plugins.
Preloading 0 native plugins for Editor in 0.00 ms.
Unloading 38 Unused Serialized files (Serialized files now loaded: 0)
System memory in use before: 43.7 MB.
System memory in use after: 43.8 MB.

Unloading 38 unused Assets to reduce memory usage. Loaded Objects now: 2192.
Total: 4.645900 ms (FindLiveObjects: 0.236500 ms CreateObjectMapping: 0.065100 ms MarkObjects: 4.322100 ms  DeleteObjects: 0.021000 ms)

========================================================================
Received Import Request.
  Time since last request: 6.000177 seconds.
  path: Assets/Scenes/Menu.unity
  artifactKey: Guid(7247e2630c657ff4b9517ae79be4760c) Importer(815301076,1909f56bfc062723c751e8b465ee728b)
Start importing Assets/Scenes/Menu.unity using Guid(7247e2630c657ff4b9517ae79be4760c) Importer(815301076,1909f56bfc062723c751e8b465ee728b)  -> (artifact id: '97ffd583c7b5269c8e3a09c1b85846c5') in 0.010262 seconds
  Import took 0.013009 seconds .

AssetImportWorkerClient::OnTransportError - code=2 error=End of file
